This file contains any messages produced by compilers while
running configure, to aid debugging if configure makes a mistake.

It was created by clustalw configure 2.0.11, which was
generated by GNU Autoconf 2.59.  Invocation command line was

  $ ./configure --no-create --no-recursion

## --------- ##
## Platform. ##
## --------- ##

hostname = estrela02
uname -m = x86_64
uname -r = 6.8.0-51-generic
uname -s = Linux
uname -v = #52-Ubuntu SMP PREEMPT_DYNAMIC Thu Dec  5 13:09:44 UTC 2024

/usr/bin/uname -p = x86_64
/bin/uname -X     = unknown

/bin/arch              = x86_64
/usr/bin/arch -k       = unknown
/usr/convex/getsysinfo = unknown
hostinfo               = unknown
/bin/machine           = unknown
/usr/bin/oslevel       = unknown
/bin/universe          = unknown

PATH: /dados/home/tesla-dados/.vscode-server/cli/servers/Stable-fabdb6a30b49f79a7aba0f2ad9df9b399473380f/server/bin/remote-cli
PATH: /usr/local/sbin
PATH: /usr/local/bin
PATH: /usr/sbin
PATH: /usr/bin
PATH: /sbin
PATH: /bin
PATH: /usr/games
PATH: /usr/local/games
PATH: /snap/bin


## ----------- ##
## Core tests. ##
## ----------- ##

configure:1379: checking build system type
configure:1397: result: x86_64-unknown-linux-gnu
configure:1405: checking host system type
configure:1419: result: x86_64-unknown-linux-gnu
configure:1427: checking target system type
configure:1441: result: x86_64-unknown-linux-gnu
configure:1522: checking for a BSD-compatible install
configure:1577: result: /usr/bin/install -c
configure:1588: checking whether build environment is sane
configure:1631: result: yes
configure:1696: checking for gawk
configure:1725: result: no
configure:1696: checking for mawk
configure:1712: found /usr/bin/mawk
configure:1722: result: mawk
configure:1732: checking whether make sets $(MAKE)
configure:1752: result: yes
configure:1921: checking whether make sets $(MAKE)
configure:1941: result: yes
configure:1999: checking for gcc
configure:2015: found /usr/bin/gcc
configure:2025: result: gcc
configure:2269: checking for C compiler version
configure:2272: gcc --version </dev/null >&5
gcc (Ubuntu 13.3.0-6ubuntu2~24.04) 13.3.0
Copyright (C) 2023 Free Software Foundation, Inc.
This is free software; see the source for copying conditions.  There is NO
warranty; not even for MERCHANTABILITY or FITNESS FOR A PARTICULAR PURPOSE.

configure:2275: $? = 0
configure:2277: gcc -v </dev/null >&5
Using built-in specs.
COLLECT_GCC=gcc
COLLECT_LTO_WRAPPER=/usr/libexec/gcc/x86_64-linux-gnu/13/lto-wrapper
OFFLOAD_TARGET_NAMES=nvptx-none:amdgcn-amdhsa
OFFLOAD_TARGET_DEFAULT=1
Target: x86_64-linux-gnu
Configured with: ../src/configure -v --with-pkgversion='Ubuntu 13.3.0-6ubuntu2~24.04' --with-bugurl=file:///usr/share/doc/gcc-13/README.Bugs --enable-languages=c,ada,c++,go,d,fortran,objc,obj-c++,m2 --prefix=/usr --with-gcc-major-version-only --program-suffix=-13 --program-prefix=x86_64-linux-gnu- --enable-shared --enable-linker-build-id --libexecdir=/usr/libexec --without-included-gettext --enable-threads=posix --libdir=/usr/lib --enable-nls --enable-bootstrap --enable-clocale=gnu --enable-libstdcxx-debug --enable-libstdcxx-time=yes --with-default-libstdcxx-abi=new --enable-libstdcxx-backtrace --enable-gnu-unique-object --disable-vtable-verify --enable-plugin --enable-default-pie --with-system-zlib --enable-libphobos-checking=release --with-target-system-zlib=auto --enable-objc-gc=auto --enable-multiarch --disable-werror --enable-cet --with-arch-32=i686 --with-abi=m64 --with-multilib-list=m32,m64,mx32 --enable-multilib --with-tune=generic --enable-offload-targets=nvptx-none=/build/gcc-13-fG75Ri/gcc-13-13.3.0/debian/tmp-nvptx/usr,amdgcn-amdhsa=/build/gcc-13-fG75Ri/gcc-13-13.3.0/debian/tmp-gcn/usr --enable-offload-defaulted --without-cuda-driver --enable-checking=release --build=x86_64-linux-gnu --host=x86_64-linux-gnu --target=x86_64-linux-gnu --with-build-config=bootstrap-lto-lean --enable-link-serialization=2
Thread model: posix
Supported LTO compression algorithms: zlib zstd
gcc version 13.3.0 (Ubuntu 13.3.0-6ubuntu2~24.04) 
configure:2280: $? = 0
configure:2282: gcc -V </dev/null >&5
gcc: error: unrecognized command-line option '-V'
gcc: fatal error: no input files
compilation terminated.
configure:2285: $? = 1
configure:2308: checking for C compiler default output file name
configure:2311: gcc    conftest.c  >&5
configure:2314: $? = 0
configure:2360: result: a.out
configure:2365: checking whether the C compiler works
configure:2371: ./a.out
configure:2374: $? = 0
configure:2391: result: yes
configure:2398: checking whether we are cross compiling
configure:2400: result: no
configure:2403: checking for suffix of executables
configure:2405: gcc -o conftest    conftest.c  >&5
configure:2408: $? = 0
configure:2433: result: 
configure:2439: checking for suffix of object files
configure:2460: gcc -c   conftest.c >&5
configure:2463: $? = 0
configure:2485: result: o
configure:2489: checking whether we are using the GNU C compiler
configure:2513: gcc -c   conftest.c >&5
configure:2519: $? = 0
configure:2523: test -z 
			 || test ! -s conftest.err
configure:2526: $? = 0
configure:2529: test -s conftest.o
configure:2532: $? = 0
configure:2545: result: yes
configure:2551: checking whether gcc accepts -g
configure:2572: gcc -c -g  conftest.c >&5
configure:2578: $? = 0
configure:2582: test -z 
			 || test ! -s conftest.err
configure:2585: $? = 0
configure:2588: test -s conftest.o
configure:2591: $? = 0
configure:2602: result: yes
configure:2619: checking for gcc option to accept ANSI C
configure:2689: gcc  -c -g -O2  conftest.c >&5
configure:2695: $? = 0
configure:2699: test -z 
			 || test ! -s conftest.err
configure:2702: $? = 0
configure:2705: test -s conftest.o
configure:2708: $? = 0
configure:2726: result: none needed
configure:2744: gcc -c -g -O2  conftest.c >&5
conftest.c:2:3: error: unknown type name 'choke'
    2 |   choke me
      |   ^~~~~
conftest.c:2:3: error: expected '=', ',', ';', 'asm' or '__attribute__' at end of input
configure:2750: $? = 1
configure: failed program was:
| #ifndef __cplusplus
|   choke me
| #endif
configure:2894: checking for style of include used by make
configure:2922: result: GNU
configure:2950: checking dependency style of gcc
configure:3040: result: gcc3
configure:3109: checking for g++
configure:3125: found /usr/bin/g++
configure:3135: result: g++
configure:3151: checking for C++ compiler version
configure:3154: g++ --version </dev/null >&5
g++ (Ubuntu 13.3.0-6ubuntu2~24.04) 13.3.0
Copyright (C) 2023 Free Software Foundation, Inc.
This is free software; see the source for copying conditions.  There is NO
warranty; not even for MERCHANTABILITY or FITNESS FOR A PARTICULAR PURPOSE.

configure:3157: $? = 0
configure:3159: g++ -v </dev/null >&5
Using built-in specs.
COLLECT_GCC=g++
COLLECT_LTO_WRAPPER=/usr/libexec/gcc/x86_64-linux-gnu/13/lto-wrapper
OFFLOAD_TARGET_NAMES=nvptx-none:amdgcn-amdhsa
OFFLOAD_TARGET_DEFAULT=1
Target: x86_64-linux-gnu
Configured with: ../src/configure -v --with-pkgversion='Ubuntu 13.3.0-6ubuntu2~24.04' --with-bugurl=file:///usr/share/doc/gcc-13/README.Bugs --enable-languages=c,ada,c++,go,d,fortran,objc,obj-c++,m2 --prefix=/usr --with-gcc-major-version-only --program-suffix=-13 --program-prefix=x86_64-linux-gnu- --enable-shared --enable-linker-build-id --libexecdir=/usr/libexec --without-included-gettext --enable-threads=posix --libdir=/usr/lib --enable-nls --enable-bootstrap --enable-clocale=gnu --enable-libstdcxx-debug --enable-libstdcxx-time=yes --with-default-libstdcxx-abi=new --enable-libstdcxx-backtrace --enable-gnu-unique-object --disable-vtable-verify --enable-plugin --enable-default-pie --with-system-zlib --enable-libphobos-checking=release --with-target-system-zlib=auto --enable-objc-gc=auto --enable-multiarch --disable-werror --enable-cet --with-arch-32=i686 --with-abi=m64 --with-multilib-list=m32,m64,mx32 --enable-multilib --with-tune=generic --enable-offload-targets=nvptx-none=/build/gcc-13-fG75Ri/gcc-13-13.3.0/debian/tmp-nvptx/usr,amdgcn-amdhsa=/build/gcc-13-fG75Ri/gcc-13-13.3.0/debian/tmp-gcn/usr --enable-offload-defaulted --without-cuda-driver --enable-checking=release --build=x86_64-linux-gnu --host=x86_64-linux-gnu --target=x86_64-linux-gnu --with-build-config=bootstrap-lto-lean --enable-link-serialization=2
Thread model: posix
Supported LTO compression algorithms: zlib zstd
gcc version 13.3.0 (Ubuntu 13.3.0-6ubuntu2~24.04) 
configure:3162: $? = 0
configure:3164: g++ -V </dev/null >&5
g++: error: unrecognized command-line option '-V'
g++: fatal error: no input files
compilation terminated.
configure:3167: $? = 1
configure:3170: checking whether we are using the GNU C++ compiler
configure:3194: g++ -c   conftest.cc >&5
configure:3200: $? = 0
configure:3204: test -z 
			 || test ! -s conftest.err
configure:3207: $? = 0
configure:3210: test -s conftest.o
configure:3213: $? = 0
configure:3226: result: yes
configure:3232: checking whether g++ accepts -g
configure:3253: g++ -c -g  conftest.cc >&5
configure:3259: $? = 0
configure:3263: test -z 
			 || test ! -s conftest.err
configure:3266: $? = 0
configure:3269: test -s conftest.o
configure:3272: $? = 0
configure:3283: result: yes
configure:3325: g++ -c -g -O2  conftest.cc >&5
configure:3331: $? = 0
configure:3335: test -z 
			 || test ! -s conftest.err
configure:3338: $? = 0
configure:3341: test -s conftest.o
configure:3344: $? = 0
configure:3370: g++ -c -g -O2  conftest.cc >&5
conftest.cc: In function 'int main()':
conftest.cc:16:1: error: 'exit' was not declared in this scope
   16 | exit (42);
      | ^~~~
conftest.cc:1:1: note: 'exit' is defined in header '<cstdlib>'; did you forget to '#include <cstdlib>'?
    1 | /* confdefs.h.  */
configure:3376: $? = 1
configure: failed program was:
| /* confdefs.h.  */
| 
| #define PACKAGE_NAME "clustalw"
| #define PACKAGE_TARNAME "clustalw"
| #define PACKAGE_VERSION "2.0.11"
| #define PACKAGE_STRING "clustalw 2.0.11"
| #define PACKAGE_BUGREPORT "clustalw@ucd.ie"
| #define OS_UNIX 1
| #define PACKAGE "clustalw"
| #define VERSION "2.0.11"
| /* end confdefs.h.  */
| 
| int
| main ()
| {
| exit (42);
|   ;
|   return 0;
| }
configure:3325: g++ -c -g -O2  conftest.cc >&5
conftest.cc:12:17: warning: 'void std::exit(int)' has not been declared within 'std'
   12 | extern "C" void std::exit (int) throw (); using std::exit;
      |                 ^~~
<built-in>: note: only here as a 'friend'
configure:3331: $? = 0
configure:3335: test -z 
			 || test ! -s conftest.err
configure:3338: $? = 0
configure:3341: test -s conftest.o
configure:3344: $? = 0
configure:3370: g++ -c -g -O2  conftest.cc >&5
conftest.cc:12:17: warning: 'void std::exit(int)' has not been declared within 'std'
   12 | extern "C" void std::exit (int) throw (); using std::exit;
      |                 ^~~
<built-in>: note: only here as a 'friend'
configure:3376: $? = 0
configure:3380: test -z 
			 || test ! -s conftest.err
configure:3383: $? = 0
configure:3386: test -s conftest.o
configure:3389: $? = 0
configure:3414: checking dependency style of g++
configure:3504: result: gcc3
configure:3565: checking for ranlib
configure:3581: found /usr/bin/ranlib
configure:3592: result: ranlib
configure:3619: checking for a BSD-compatible install
configure:3674: result: /usr/bin/install -c
configure:3694: checking how to run the C preprocessor
configure:3729: gcc -E  conftest.c
configure:3735: $? = 0
configure:3767: gcc -E  conftest.c
conftest.c:15:10: fatal error: ac_nonexistent.h: No such file or directory
   15 | #include <ac_nonexistent.h>
      |          ^~~~~~~~~~~~~~~~~~
compilation terminated.
configure:3773: $? = 1
configure: failed program was:
| /* confdefs.h.  */
| 
| #define PACKAGE_NAME "clustalw"
| #define PACKAGE_TARNAME "clustalw"
| #define PACKAGE_VERSION "2.0.11"
| #define PACKAGE_STRING "clustalw 2.0.11"
| #define PACKAGE_BUGREPORT "clustalw@ucd.ie"
| #define OS_UNIX 1
| #define PACKAGE "clustalw"
| #define VERSION "2.0.11"
| #ifdef __cplusplus
| extern "C" void std::exit (int) throw (); using std::exit;
| #endif
| /* end confdefs.h.  */
| #include <ac_nonexistent.h>
configure:3812: result: gcc -E
configure:3836: gcc -E  conftest.c
configure:3842: $? = 0
configure:3874: gcc -E  conftest.c
conftest.c:15:10: fatal error: ac_nonexistent.h: No such file or directory
   15 | #include <ac_nonexistent.h>
      |          ^~~~~~~~~~~~~~~~~~
compilation terminated.
configure:3880: $? = 1
configure: failed program was:
| /* confdefs.h.  */
| 
| #define PACKAGE_NAME "clustalw"
| #define PACKAGE_TARNAME "clustalw"
| #define PACKAGE_VERSION "2.0.11"
| #define PACKAGE_STRING "clustalw 2.0.11"
| #define PACKAGE_BUGREPORT "clustalw@ucd.ie"
| #define OS_UNIX 1
| #define PACKAGE "clustalw"
| #define VERSION "2.0.11"
| #ifdef __cplusplus
| extern "C" void std::exit (int) throw (); using std::exit;
| #endif
| /* end confdefs.h.  */
| #include <ac_nonexistent.h>
configure:3924: checking for egrep
configure:3934: result: grep -E
configure:3939: checking for ANSI C header files
configure:3964: gcc -c -g -O2  conftest.c >&5
configure:3970: $? = 0
configure:3974: test -z 
			 || test ! -s conftest.err
configure:3977: $? = 0
configure:3980: test -s conftest.o
configure:3983: $? = 0
configure:4072: gcc -o conftest -g -O2   conftest.c  >&5
conftest.c: In function 'main':
conftest.c:32:7: warning: implicit declaration of function 'exit' [-Wimplicit-function-declaration]
   32 |       exit(2);
      |       ^~~~
conftest.c:16:1: note: include '<stdlib.h>' or provide a declaration of 'exit'
   15 | #include <ctype.h>
  +++ |+#include <stdlib.h>
   16 | #if ((' ' & 0x0FF) == 0x020)
conftest.c:32:7: warning: incompatible implicit declaration of built-in function 'exit' [-Wbuiltin-declaration-mismatch]
   32 |       exit(2);
      |       ^~~~
conftest.c:32:7: note: include '<stdlib.h>' or provide a declaration of 'exit'
conftest.c:33:3: warning: incompatible implicit declaration of built-in function 'exit' [-Wbuiltin-declaration-mismatch]
   33 |   exit (0);
      |   ^~~~
conftest.c:33:3: note: include '<stdlib.h>' or provide a declaration of 'exit'
configure:4075: $? = 0
configure:4077: ./conftest
configure:4080: $? = 0
configure:4095: result: yes
configure:4122: checking for sys/types.h
configure:4138: gcc -c -g -O2  conftest.c >&5
configure:4144: $? = 0
configure:4148: test -z 
			 || test ! -s conftest.err
configure:4151: $? = 0
configure:4154: test -s conftest.o
configure:4157: $? = 0
configure:4168: result: yes
configure:4122: checking for sys/stat.h
configure:4138: gcc -c -g -O2  conftest.c >&5
configure:4144: $? = 0
configure:4148: test -z 
			 || test ! -s conftest.err
configure:4151: $? = 0
configure:4154: test -s conftest.o
configure:4157: $? = 0
configure:4168: result: yes
configure:4122: checking for stdlib.h
configure:4138: gcc -c -g -O2  conftest.c >&5
configure:4144: $? = 0
configure:4148: test -z 
			 || test ! -s conftest.err
configure:4151: $? = 0
configure:4154: test -s conftest.o
configure:4157: $? = 0
configure:4168: result: yes
configure:4122: checking for string.h
configure:4138: gcc -c -g -O2  conftest.c >&5
configure:4144: $? = 0
configure:4148: test -z 
			 || test ! -s conftest.err
configure:4151: $? = 0
configure:4154: test -s conftest.o
configure:4157: $? = 0
configure:4168: result: yes
configure:4122: checking for memory.h
configure:4138: gcc -c -g -O2  conftest.c >&5
configure:4144: $? = 0
configure:4148: test -z 
			 || test ! -s conftest.err
configure:4151: $? = 0
configure:4154: test -s conftest.o
configure:4157: $? = 0
configure:4168: result: yes
configure:4122: checking for strings.h
configure:4138: gcc -c -g -O2  conftest.c >&5
configure:4144: $? = 0
configure:4148: test -z 
			 || test ! -s conftest.err
configure:4151: $? = 0
configure:4154: test -s conftest.o
configure:4157: $? = 0
configure:4168: result: yes
configure:4122: checking for inttypes.h
configure:4138: gcc -c -g -O2  conftest.c >&5
configure:4144: $? = 0
configure:4148: test -z 
			 || test ! -s conftest.err
configure:4151: $? = 0
configure:4154: test -s conftest.o
configure:4157: $? = 0
configure:4168: result: yes
configure:4122: checking for stdint.h
configure:4138: gcc -c -g -O2  conftest.c >&5
configure:4144: $? = 0
configure:4148: test -z 
			 || test ! -s conftest.err
configure:4151: $? = 0
configure:4154: test -s conftest.o
configure:4157: $? = 0
configure:4168: result: yes
configure:4122: checking for unistd.h
configure:4138: gcc -c -g -O2  conftest.c >&5
configure:4144: $? = 0
configure:4148: test -z 
			 || test ! -s conftest.err
configure:4151: $? = 0
configure:4154: test -s conftest.o
configure:4157: $? = 0
configure:4168: result: yes
configure:4180: checking for stdbool.h that conforms to C99
configure:4233: gcc -c -g -O2  conftest.c >&5
conftest.c:51:9: warning: variably modified 'd' at file scope
   51 |         char d[(bool) -0.5 == true ? 1 : -1];
      |         ^~~~
conftest.c:53:9: warning: variably modified 'f' at file scope
   53 |         char f[(_Bool) -0.0 == false ? 1 : -1];
      |         ^~~~
configure:4239: $? = 0
configure:4243: test -z 
			 || test ! -s conftest.err
configure:4246: $? = 0
configure:4249: test -s conftest.o
configure:4252: $? = 0
configure:4263: result: yes
configure:4265: checking for _Bool
configure:4289: gcc -c -g -O2  conftest.c >&5
configure:4295: $? = 0
configure:4299: test -z 
			 || test ! -s conftest.err
configure:4302: $? = 0
configure:4305: test -s conftest.o
configure:4308: $? = 0
configure:4319: result: yes
configure:4338: checking for an ANSI C-conforming const
configure:4405: gcc -c -g -O2  conftest.c >&5
configure:4411: $? = 0
configure:4415: test -z 
			 || test ! -s conftest.err
configure:4418: $? = 0
configure:4421: test -s conftest.o
configure:4424: $? = 0
configure:4435: result: yes
configure:4445: checking for size_t
configure:4469: gcc -c -g -O2  conftest.c >&5
configure:4475: $? = 0
configure:4479: test -z 
			 || test ! -s conftest.err
configure:4482: $? = 0
configure:4485: test -s conftest.o
configure:4488: $? = 0
configure:4499: result: yes
configure:4529: checking for stdlib.h
configure:4534: result: yes
configure:4674: checking for GNU libc compatible malloc
configure:4703: gcc -o conftest -g -O2   conftest.c  >&5
configure:4706: $? = 0
configure:4708: ./conftest
configure:4711: $? = 0
configure:4725: result: yes
configure:5122: creating ./config.status

## ---------------- ##
## Cache variables. ##
## ---------------- ##

ac_cv_build=x86_64-unknown-linux-gnu
ac_cv_build_alias=x86_64-unknown-linux-gnu
ac_cv_c_compiler_gnu=yes
ac_cv_c_const=yes
ac_cv_cxx_compiler_gnu=yes
ac_cv_env_CC_set=
ac_cv_env_CC_value=
ac_cv_env_CFLAGS_set=
ac_cv_env_CFLAGS_value=
ac_cv_env_CPPFLAGS_set=
ac_cv_env_CPPFLAGS_value=
ac_cv_env_CPP_set=
ac_cv_env_CPP_value=
ac_cv_env_CXXFLAGS_set=
ac_cv_env_CXXFLAGS_value=
ac_cv_env_CXX_set=
ac_cv_env_CXX_value=
ac_cv_env_LDFLAGS_set=
ac_cv_env_LDFLAGS_value=
ac_cv_env_build_alias_set=
ac_cv_env_build_alias_value=
ac_cv_env_host_alias_set=
ac_cv_env_host_alias_value=
ac_cv_env_target_alias_set=
ac_cv_env_target_alias_value=
ac_cv_exeext=
ac_cv_func_malloc_0_nonnull=yes
ac_cv_header_inttypes_h=yes
ac_cv_header_memory_h=yes
ac_cv_header_stdbool_h=yes
ac_cv_header_stdc=yes
ac_cv_header_stdint_h=yes
ac_cv_header_stdlib_h=yes
ac_cv_header_string_h=yes
ac_cv_header_strings_h=yes
ac_cv_header_sys_stat_h=yes
ac_cv_header_sys_types_h=yes
ac_cv_header_unistd_h=yes
ac_cv_host=x86_64-unknown-linux-gnu
ac_cv_host_alias=x86_64-unknown-linux-gnu
ac_cv_objext=o
ac_cv_path_install='/usr/bin/install -c'
ac_cv_prog_AWK=mawk
ac_cv_prog_CPP='gcc -E'
ac_cv_prog_ac_ct_CC=gcc
ac_cv_prog_ac_ct_CXX=g++
ac_cv_prog_ac_ct_RANLIB=ranlib
ac_cv_prog_cc_g=yes
ac_cv_prog_cc_stdc=
ac_cv_prog_cxx_g=yes
ac_cv_prog_egrep='grep -E'
ac_cv_prog_make_make_set=yes
ac_cv_target=x86_64-unknown-linux-gnu
ac_cv_target_alias=x86_64-unknown-linux-gnu
ac_cv_type__Bool=yes
ac_cv_type_size_t=yes
am_cv_CC_dependencies_compiler_type=gcc3
am_cv_CXX_dependencies_compiler_type=gcc3

## ----------------- ##
## Output variables. ##
## ----------------- ##

ACLOCAL='${SHELL} /dados/home/tesla-dados/CUDA-clustalW/CPU/clustalw-2.0.11/missing --run aclocal-1.9'
AMDEPBACKSLASH='\'
AMDEP_FALSE='#'
AMDEP_TRUE=''
AMTAR='${SHELL} /dados/home/tesla-dados/CUDA-clustalW/CPU/clustalw-2.0.11/missing --run tar'
AUTOCONF='${SHELL} /dados/home/tesla-dados/CUDA-clustalW/CPU/clustalw-2.0.11/missing --run autoconf'
AUTOHEADER='${SHELL} /dados/home/tesla-dados/CUDA-clustalW/CPU/clustalw-2.0.11/missing --run autoheader'
AUTOMAKE='${SHELL} /dados/home/tesla-dados/CUDA-clustalW/CPU/clustalw-2.0.11/missing --run automake-1.9'
AWK='mawk'
CC='gcc'
CCDEPMODE='depmode=gcc3'
CFLAGS='-g -O2'
CLUSTALW_NAME='ClustalW'
CLUSTALW_VERSION='2.0.11'
CPP='gcc -E'
CPPFLAGS=''
CXX='g++'
CXXDEPMODE='depmode=gcc3'
CXXFLAGS='-g -O2'
CYGPATH_W='echo'
DEFS='-DHAVE_CONFIG_H'
DEPDIR='.deps'
ECHO_C=''
ECHO_N='-n'
ECHO_T=''
EGREP='grep -E'
EXEEXT=''
INSTALL_DATA='${INSTALL} -m 644'
INSTALL_PROGRAM='${INSTALL}'
INSTALL_SCRIPT='${INSTALL}'
INSTALL_STRIP_PROGRAM='${SHELL} $(install_sh) -c -s'
LDFLAGS=''
LIBOBJS=''
LIBS=''
LTLIBOBJS=''
MAKEINFO='${SHELL} /dados/home/tesla-dados/CUDA-clustalW/CPU/clustalw-2.0.11/missing --run makeinfo'
OBJEXT='o'
PACKAGE='clustalw'
PACKAGE_BUGREPORT='clustalw@ucd.ie'
PACKAGE_NAME='clustalw'
PACKAGE_STRING='clustalw 2.0.11'
PACKAGE_TARNAME='clustalw'
PACKAGE_VERSION='2.0.11'
PATH_SEPARATOR=':'
RANLIB='ranlib'
SET_MAKE=''
SHELL='/bin/sh'
STRIP=''
VERSION='2.0.11'
ac_ct_CC='gcc'
ac_ct_CXX='g++'
ac_ct_RANLIB='ranlib'
ac_ct_STRIP=''
am__fastdepCC_FALSE='#'
am__fastdepCC_TRUE=''
am__fastdepCXX_FALSE='#'
am__fastdepCXX_TRUE=''
am__include='include'
am__leading_dot='.'
am__quote=''
am__tar='${AMTAR} chof - "$$tardir"'
am__untar='${AMTAR} xf -'
bindir='${exec_prefix}/bin'
build='x86_64-unknown-linux-gnu'
build_alias=''
build_cpu='x86_64'
build_os='linux-gnu'
build_vendor='unknown'
datadir='${prefix}/share'
exec_prefix='${prefix}'
host='x86_64-unknown-linux-gnu'
host_alias=''
host_cpu='x86_64'
host_os='linux-gnu'
host_vendor='unknown'
includedir='${prefix}/include'
infodir='${prefix}/info'
install_sh='/dados/home/tesla-dados/CUDA-clustalW/CPU/clustalw-2.0.11/install-sh'
libdir='${exec_prefix}/lib'
libexecdir='${exec_prefix}/libexec'
localstatedir='${prefix}/var'
mandir='${prefix}/man'
mkdir_p='mkdir -p --'
oldincludedir='/usr/include'
prefix='/usr/local'
program_transform_name='s,x,x,'
sbindir='${exec_prefix}/sbin'
sharedstatedir='${prefix}/com'
sysconfdir='${prefix}/etc'
target='x86_64-unknown-linux-gnu'
target_alias=''
target_cpu='x86_64'
target_os='linux-gnu'
target_vendor='unknown'

## ----------- ##
## confdefs.h. ##
## ----------- ##

#define HAVE_INTTYPES_H 1
#define HAVE_MALLOC 1
#define HAVE_MEMORY_H 1
#define HAVE_STDBOOL_H 1
#define HAVE_STDINT_H 1
#define HAVE_STDLIB_H 1
#define HAVE_STDLIB_H 1
#define HAVE_STRINGS_H 1
#define HAVE_STRING_H 1
#define HAVE_SYS_STAT_H 1
#define HAVE_SYS_TYPES_H 1
#define HAVE_UNISTD_H 1
#define HAVE__BOOL 1
#define OS_UNIX 1
#define PACKAGE "clustalw"
#define PACKAGE_BUGREPORT "clustalw@ucd.ie"
#define PACKAGE_NAME "clustalw"
#define PACKAGE_STRING "clustalw 2.0.11"
#define PACKAGE_TARNAME "clustalw"
#define PACKAGE_VERSION "2.0.11"
#define STDC_HEADERS 1
#define VERSION "2.0.11"
#endif
#ifdef __cplusplus
extern "C" void std::exit (int) throw (); using std::exit;

configure: exit 0

## ---------------------- ##
## Running config.status. ##
## ---------------------- ##

This file was extended by clustalw config.status 2.0.11, which was
generated by GNU Autoconf 2.59.  Invocation command line was

  CONFIG_FILES    = 
  CONFIG_HEADERS  = 
  CONFIG_LINKS    = 
  CONFIG_COMMANDS = 
  $ ./config.status 

on estrela02

config.status:714: creating Makefile
config.status:714: creating m4/Makefile
config.status:714: creating src/Makefile
config.status:714: creating src/clustalw_version.h
config.status:818: creating src/config.h
config.status:934: src/config.h is unchanged
config.status:1114: executing depfiles commands

## ---------------------- ##
## Running config.status. ##
## ---------------------- ##

This file was extended by clustalw config.status 2.0.11, which was
generated by GNU Autoconf 2.59.  Invocation command line was

  CONFIG_FILES    = 
  CONFIG_HEADERS  = 
  CONFIG_LINKS    = 
  CONFIG_COMMANDS = 
  $ ./config.status src/config.h

on estrela02

config.status:818: creating src/config.h
config.status:934: src/config.h is unchanged
